::1 - - [18/May/2023:04:00:47 +0000] "GET /products HTTP/1.1" 200 47291
::1 - - [18/May/2023:04:00:47 +0000] "GET /css/styles.css HTTP/1.1" 200 2512
::1 - - [18/May/2023:04:00:47 +0000] "GET /css/bootstrap.min.css HTTP/1.1" 200 109518
::1 - - [18/May/2023:04:00:47 +0000] "GET /js/bootstrap.min.js HTTP/1.1" 200 31819
::1 - - [18/May/2023:04:00:48 +0000] "GET /fonts/glyphicons-halflings-regular.woff HTTP/1.1" 404 178
::1 - - [18/May/2023:04:00:48 +0000] "GET /fonts/glyphicons-halflings-regular.ttf HTTP/1.1" 404 177
::1 - - [18/May/2023:04:00:49 +0000] "GET /favicon.ico HTTP/1.1" 404 150
::1 - - [18/May/2023:04:00:50 +0000] "GET /category HTTP/1.1" 200 7975
::1 - - [18/May/2023:04:00:50 +0000] "GET /css/bootstrap.min.css HTTP/1.1" 304 -
::1 - - [18/May/2023:04:00:50 +0000] "GET /css/styles.css HTTP/1.1" 304 -
::1 - - [18/May/2023:04:00:50 +0000] "GET /js/bootstrap.min.js HTTP/1.1" 304 -
::1 - - [18/May/2023:04:00:50 +0000] "GET /fonts/glyphicons-halflings-regular.woff HTTP/1.1" 404 178
::1 - - [18/May/2023:04:00:50 +0000] "GET /fonts/glyphicons-halflings-regular.ttf HTTP/1.1" 404 177
::1 - - [18/May/2023:04:00:51 +0000] "GET /products HTTP/1.1" 304 -
::1 - - [18/May/2023:04:00:51 +0000] "GET /css/styles.css HTTP/1.1" 304 -
::1 - - [18/May/2023:04:00:51 +0000] "GET /css/bootstrap.min.css HTTP/1.1" 304 -
::1 - - [18/May/2023:04:00:51 +0000] "GET /js/bootstrap.min.js HTTP/1.1" 304 -
::1 - - [18/May/2023:04:00:52 +0000] "GET /fonts/glyphicons-halflings-regular.woff HTTP/1.1" 404 178
::1 - - [18/May/2023:04:00:52 +0000] "GET /fonts/glyphicons-halflings-regular.ttf HTTP/1.1" 404 177
::1 - - [18/May/2023:04:00:53 +0000] "GET /category HTTP/1.1" 304 -
::1 - - [18/May/2023:04:00:53 +0000] "GET /css/bootstrap.min.css HTTP/1.1" 304 -
::1 - - [18/May/2023:04:00:53 +0000] "GET /css/styles.css HTTP/1.1" 304 -
::1 - - [18/May/2023:04:00:53 +0000] "GET /js/bootstrap.min.js HTTP/1.1" 304 -
::1 - - [18/May/2023:04:00:53 +0000] "GET /fonts/glyphicons-halflings-regular.woff HTTP/1.1" 404 178
::1 - - [18/May/2023:04:00:53 +0000] "GET /fonts/glyphicons-halflings-regular.ttf HTTP/1.1" 404 177
::1 - - [18/May/2023:04:00:55 +0000] "GET /products/category/1 HTTP/1.1" 200 40826
::1 - - [18/May/2023:04:00:55 +0000] "GET /css/bootstrap.min.css HTTP/1.1" 304 -
::1 - - [18/May/2023:04:00:55 +0000] "GET /css/styles.css HTTP/1.1" 304 -
::1 - - [18/May/2023:04:00:55 +0000] "GET /products/category/js/bootstrap.min.js HTTP/1.1" 404 176
::1 - - [18/May/2023:04:00:55 +0000] "GET /fonts/glyphicons-halflings-regular.woff HTTP/1.1" 404 178
::1 - - [18/May/2023:04:00:55 +0000] "GET /fonts/glyphicons-halflings-regular.ttf HTTP/1.1" 404 177
::1 - - [18/May/2023:04:00:57 +0000] "GET /products/details/6451d93669c681bf2fefa94e HTTP/1.1" 200 5643
::1 - - [18/May/2023:04:00:57 +0000] "GET /products/details/js/bootstrap.min.js HTTP/1.1" 404 175
::1 - - [18/May/2023:04:00:57 +0000] "GET /css/bootstrap.min.css HTTP/1.1" 304 -
::1 - - [18/May/2023:04:00:57 +0000] "GET /css/styles.css HTTP/1.1" 304 -
::1 - - [18/May/2023:04:00:57 +0000] "GET /fonts/glyphicons-halflings-regular.woff HTTP/1.1" 404 178
::1 - - [18/May/2023:04:00:57 +0000] "GET /fonts/glyphicons-halflings-regular.ttf HTTP/1.1" 404 177
